<?xml version="1.0" encoding="UTF-8"?>
<!-- Generated by org.testng.reporters.JUnitReportReporter -->
<testsuite hostname="DESKTOP-7U1I0JC" failures="0" tests="9" name="HomePage.HomePagetestcases" time="0.800" errors="0" timestamp="2024-04-30T13:30:49 GST" skipped="8">
  <testcase classname="HomePage.HomePagetestcases" name="randomlanguage" time="0.800"/>
  <system-out/>
  <testcase classname="HomePage.HomePagetestcases" name="CheckTheDefaultLanguageisEnglish">
    <skipped/>
  </testcase> <!-- CheckTheDefaultLanguageisEnglish -->
  <system-out/>
  <testcase classname="HomePage.HomePagetestcases" name="CheckTheDefaultCurruncy">
    <skipped/>
  </testcase> <!-- CheckTheDefaultCurruncy -->
  <system-out/>
  <testcase classname="HomePage.HomePagetestcases" name="FlightReturn">
    <skipped/>
  </testcase> <!-- FlightReturn -->
  <system-out/>
  <testcase classname="HomePage.HomePagetestcases" name="CheckTheBottonVisaAvailable">
    <skipped/>
  </testcase> <!-- CheckTheBottonVisaAvailable -->
  <system-out/>
  <testcase classname="HomePage.HomePagetestcases" name="CheckTheDefaultNumber">
    <skipped/>
  </testcase> <!-- CheckTheDefaultNumber -->
  <system-out/>
  <testcase classname="HomePage.HomePagetestcases" name="CheckTheBottonPayAvailable">
    <skipped/>
  </testcase> <!-- CheckTheBottonPayAvailable -->
  <system-out/>
  <testcase classname="HomePage.HomePagetestcases" name="FlightDeparture">
    <skipped/>
  </testcase> <!-- FlightDeparture -->
  <system-out/>
  <testcase classname="HomePage.HomePagetestcases" name="CheckTheHotelTapIsNotSelectedByDefault">
    <skipped/>
  </testcase> <!-- CheckTheHotelTapIsNotSelectedByDefault -->
  <system-out/>
</testsuite> <!-- HomePage.HomePagetestcases -->
