<?xml version="1.0" encoding="UTF-8"?>
<!-- Generated by org.testng.reporters.JUnitReportReporter -->
<testsuite hostname="DESKTOP-7U1I0JC" failures="0" tests="3" name="HomePage.HomePagetestcases" time="0.135" errors="0" timestamp="2024-04-23T22:59:33 GST" skipped="0">
  <testcase classname="HomePage.HomePagetestcases" name="CheckTheDefaultNumber" time="0.042"/>
  <system-out/>
  <testcase classname="HomePage.HomePagetestcases" name="CheckTheDefaultLanguageisEnglish" time="0.051"/>
  <system-out/>
  <testcase classname="HomePage.HomePagetestcases" name="CheckTheDefaultCurruncy" time="0.042"/>
  <system-out/>
</testsuite> <!-- HomePage.HomePagetestcases -->
