<?xml version="1.0" encoding="UTF-8"?>
<!-- Generated by org.testng.reporters.JUnitReportReporter -->
<testsuite hostname="DESKTOP-7U1I0JC" failures="0" tests="4" name="HotelSearchTest.BookingHotelTestcases" time="23.484" errors="0" timestamp="2024-05-02T21:29:12 GST" skipped="0">
  <testcase classname="HotelSearchTest.BookingHotelTestcases" name="HotelSearchTab" time="0.869"/>
  <system-out/>
  <testcase classname="HotelSearchTest.BookingHotelTestcases" name="RandomlyVisitorSelected" time="3.427"/>
  <system-out/>
  <testcase classname="HotelSearchTest.BookingHotelTestcases" name="ResultPage" time="11.357"/>
  <system-out/>
  <testcase classname="HotelSearchTest.BookingHotelTestcases" name="SortingByLowestPrice" time="7.831"/>
  <system-out/>
</testsuite> <!-- HotelSearchTest.BookingHotelTestcases -->
