<?xml version="1.0" encoding="UTF-8"?>
<!-- Generated by org.testng.reporters.JUnitReportReporter -->
<testsuite hostname="DESKTOP-7U1I0JC" failures="0" tests="8" name="HomePage.HomePagetestcases" time="0.341" errors="0" timestamp="2024-04-27T00:16:27 GST" skipped="0">
  <testcase classname="HomePage.HomePagetestcases" name="CheckTheBottonVisaAvailable" time="0.046"/>
  <system-out/>
  <testcase classname="HomePage.HomePagetestcases" name="CheckTheBottonPayAvailable" time="0.063"/>
  <system-out/>
  <testcase classname="HomePage.HomePagetestcases" name="FlightReturn" time="0.032"/>
  <system-out/>
  <testcase classname="HomePage.HomePagetestcases" name="FlightDeparture" time="0.040"/>
  <system-out/>
  <testcase classname="HomePage.HomePagetestcases" name="CheckTheHotelTapIsNotSelectedByDefault" time="0.036"/>
  <system-out/>
  <testcase classname="HomePage.HomePagetestcases" name="CheckTheDefaultNumber" time="0.034"/>
  <system-out/>
  <testcase classname="HomePage.HomePagetestcases" name="CheckTheDefaultCurruncy" time="0.047"/>
  <system-out/>
  <testcase classname="HomePage.HomePagetestcases" name="CheckTheDefaultLanguageisEnglish" time="0.043"/>
  <system-out/>
</testsuite> <!-- HomePage.HomePagetestcases -->
